<?xml version="1.0" encoding="UTF-8"?>
<testng-results ignored="0" total="2" passed="2" failed="0" skipped="0">
  <reporter-output>
  </reporter-output>
  <suite started-at="2024-09-24T12:35:17 IST" name="Suite" finished-at="2024-09-24T12:35:50 IST" duration-ms="32895">
    <groups>
      <group name="Master">
        <method signature="TC002_LoginTest.verify_login()[pri:0, instance:testCases.TC002_LoginTest@6dab9b6d]" name="verify_login" class="testCases.TC002_LoginTest"/>
        <method signature="TC002_LoginTest.verify_login()[pri:0, instance:testCases.TC002_LoginTest@4ce1d6d0]" name="verify_login" class="testCases.TC002_LoginTest"/>
      </group> <!-- Master -->
      <group name="Sanity">
        <method signature="TC002_LoginTest.verify_login()[pri:0, instance:testCases.TC002_LoginTest@6dab9b6d]" name="verify_login" class="testCases.TC002_LoginTest"/>
        <method signature="TC002_LoginTest.verify_login()[pri:0, instance:testCases.TC002_LoginTest@4ce1d6d0]" name="verify_login" class="testCases.TC002_LoginTest"/>
      </group> <!-- Sanity -->
    </groups>
    <test started-at="2024-09-24T12:35:17 IST" name="chromeTest" finished-at="2024-09-24T12:35:48 IST" duration-ms="30836">
      <class name="testCases.TC002_LoginTest">
        <test-method is-config="true" signature="setup(java.lang.String,java.lang.String)[pri:0, instance:testCases.TC002_LoginTest@6dab9b6d]" started-at="2024-09-24T12:35:17 IST" name="setup" finished-at="2024-09-24T12:35:43 IST" duration-ms="25228" status="PASS">
          <params>
            <param index="0">
              <value>
                <![CDATA[Windows]]>
              </value>
            </param>
            <param index="1">
              <value>
                <![CDATA[chrome]]>
              </value>
            </param>
          </params>
          <reporter-output>
          </reporter-output>
        </test-method> <!-- setup -->
        <test-method signature="verify_login()[pri:0, instance:testCases.TC002_LoginTest@6dab9b6d]" started-at="2024-09-24T12:35:43 IST" name="verify_login" finished-at="2024-09-24T12:35:45 IST" duration-ms="2766" status="PASS">
          <reporter-output>
          </reporter-output>
        </test-method> <!-- verify_login -->
        <test-method is-config="true" signature="tearDown()[pri:0, instance:testCases.TC002_LoginTest@6dab9b6d]" started-at="2024-09-24T12:35:45 IST" name="tearDown" finished-at="2024-09-24T12:35:48 IST" duration-ms="2616" status="PASS">
          <reporter-output>
          </reporter-output>
        </test-method> <!-- tearDown -->
      </class> <!-- testCases.TC002_LoginTest -->
    </test> <!-- chromeTest -->
    <test started-at="2024-09-24T12:35:17 IST" name="firefoxTest" finished-at="2024-09-24T12:35:50 IST" duration-ms="32895">
      <class name="testCases.TC002_LoginTest">
        <test-method is-config="true" signature="setup(java.lang.String,java.lang.String)[pri:0, instance:testCases.TC002_LoginTest@4ce1d6d0]" started-at="2024-09-24T12:35:17 IST" name="setup" finished-at="2024-09-24T12:35:45 IST" duration-ms="27519" status="PASS">
          <params>
            <param index="0">
              <value>
                <![CDATA[Windows]]>
              </value>
            </param>
            <param index="1">
              <value>
                <![CDATA[firefox]]>
              </value>
            </param>
          </params>
          <reporter-output>
          </reporter-output>
        </test-method> <!-- setup -->
        <test-method signature="verify_login()[pri:0, instance:testCases.TC002_LoginTest@4ce1d6d0]" started-at="2024-09-24T12:35:45 IST" name="verify_login" finished-at="2024-09-24T12:35:47 IST" duration-ms="2446" status="PASS">
          <reporter-output>
          </reporter-output>
        </test-method> <!-- verify_login -->
        <test-method is-config="true" signature="tearDown()[pri:0, instance:testCases.TC002_LoginTest@4ce1d6d0]" started-at="2024-09-24T12:35:47 IST" name="tearDown" finished-at="2024-09-24T12:35:50 IST" duration-ms="2739" status="PASS">
          <reporter-output>
          </reporter-output>
        </test-method> <!-- tearDown -->
      </class> <!-- testCases.TC002_LoginTest -->
    </test> <!-- firefoxTest -->
  </suite> <!-- Suite -->
</testng-results>
